/Users/annejones/miniforge3/lib/python3.12/importlib/__init__.py:90: FutureWarning: `optuna.integration.pytorch_lightning` has been deprecated in v4.9.0. This feature will be removed in v6.0.0. See https://github.com/optuna/optuna/releases/tag/v4.9.0. Use `optuna_integration.pytorch_lightning` instead.
  return _bootstrap._gcd_import(name[level:], package, level)
Seed set to 0
2026-06-25 17:27:23,389 - INFO - HTTP Request: GET https://huggingface.co/api/agent-harnesses "HTTP/1.1 200 OK"
2026-06-25 17:27:23,572 - INFO - HTTP Request: HEAD https://huggingface.co/ibm-esa-geospatial/TerraMind-1.0-base/resolve/main/TerraMind_v1_base.pt "HTTP/1.1 302 Found"
2026-06-25 17:27:23,865 - INFO - Loaded weights for BLUE in position 0 of patch embed
2026-06-25 17:27:23,865 - INFO - Loaded weights for GREEN in position 1 of patch embed
2026-06-25 17:27:23,865 - INFO - Loaded weights for RED in position 2 of patch embed
2026-06-25 17:27:23,865 - INFO - Loaded weights for NIR_NARROW in position 3 of patch embed
2026-06-25 17:27:23,865 - INFO - Loaded weights for SWIR_1 in position 4 of patch embed
2026-06-25 17:27:23,865 - INFO - Loaded weights for SWIR_2 in position 5 of patch embed
/Users/annejones/old-macbook/ibm-repos/ML4EO-workshop-2026/.venv/lib/python3.12/site-packages/terratorch/datamodules/generic_multimodal_data_module.py:482: UserWarning: rgb_modality is deprecated and will be removed in a future release. Provide the modalities for plotting as keys in `rgb_indices` with the format {'<modality>': [<band indices>]}.
  warnings.warn("rgb_modality is deprecated and will be removed in a future release. Provide the modalities "
/Users/annejones/old-macbook/ibm-repos/ML4EO-workshop-2026/.venv/lib/python3.12/site-packages/lightning/pytorch/cli.py:734: `SemanticSegmentationTask.configure_optimizers` will be overridden by `MyLightningCLI.configure_optimizers`.
GPU available: True (mps), used: True
TPU available: False, using: 0 TPU cores
💡 Tip: For seamless cloud logging and experiment tracking, try installing [litlogger](https://pypi.org/project/litlogger/) to enable LitLogger, which logs metrics and artifacts automatically to the Lightning Experiments platform.
Traceback (most recent call last):
  File "<frozen runpy>", line 198, in _run_module_as_main
  File "<frozen runpy>", line 88, in _run_code
  File "/Users/annejones/old-macbook/ibm-repos/ML4EO-workshop-2026/.venv/lib/python3.12/site-packages/terratorch/__main__.py", line 44, in <module>
    main()
  File "/Users/annejones/old-macbook/ibm-repos/ML4EO-workshop-2026/.venv/lib/python3.12/site-packages/terratorch/__main__.py", line 40, in main
    _ = build_lightning_cli()
        ^^^^^^^^^^^^^^^^^^^^^
  File "/Users/annejones/old-macbook/ibm-repos/ML4EO-workshop-2026/.venv/lib/python3.12/site-packages/terratorch/cli_tools.py", line 594, in build_lightning_cli
    return MyLightningCLI(
           ^^^^^^^^^^^^^^^
  File "/Users/annejones/old-macbook/ibm-repos/ML4EO-workshop-2026/.venv/lib/python3.12/site-packages/lightning/pytorch/cli.py", line 421, in __init__
    self._run_subcommand(self.subcommand)
  File "/Users/annejones/old-macbook/ibm-repos/ML4EO-workshop-2026/.venv/lib/python3.12/site-packages/lightning/pytorch/cli.py", line 759, in _run_subcommand
    fn(**fn_kwargs)
  File "/Users/annejones/old-macbook/ibm-repos/ML4EO-workshop-2026/.venv/lib/python3.12/site-packages/lightning/pytorch/trainer/trainer.py", line 584, in fit
    call._call_and_handle_interrupt(
  File "/Users/annejones/old-macbook/ibm-repos/ML4EO-workshop-2026/.venv/lib/python3.12/site-packages/lightning/pytorch/trainer/call.py", line 49, in _call_and_handle_interrupt
    return trainer_fn(*args, **kwargs)
           ^^^^^^^^^^^^^^^^^^^^^^^^^^^
  File "/Users/annejones/old-macbook/ibm-repos/ML4EO-workshop-2026/.venv/lib/python3.12/site-packages/lightning/pytorch/trainer/trainer.py", line 630, in _fit_impl
    self._run(model, ckpt_path=ckpt_path, weights_only=weights_only)
  File "/Users/annejones/old-macbook/ibm-repos/ML4EO-workshop-2026/.venv/lib/python3.12/site-packages/lightning/pytorch/trainer/trainer.py", line 1039, in _run
    call._call_setup_hook(self)  # allow user to set up LightningModule in accelerator environment
    ^^^^^^^^^^^^^^^^^^^^^^^^^^^
  File "/Users/annejones/old-macbook/ibm-repos/ML4EO-workshop-2026/.venv/lib/python3.12/site-packages/lightning/pytorch/trainer/call.py", line 108, in _call_setup_hook
    _call_lightning_datamodule_hook(trainer, "setup", stage=fn)
  File "/Users/annejones/old-macbook/ibm-repos/ML4EO-workshop-2026/.venv/lib/python3.12/site-packages/lightning/pytorch/trainer/call.py", line 199, in _call_lightning_datamodule_hook
    return fn(*args, **kwargs)
           ^^^^^^^^^^^^^^^^^^^
  File "/Users/annejones/old-macbook/ibm-repos/ML4EO-workshop-2026/.venv/lib/python3.12/site-packages/terratorch/datamodules/generic_multimodal_data_module.py", line 560, in setup
    self.train_dataset = self.dataset_class(
                         ^^^^^^^^^^^^^^^^^^^
  File "/Users/annejones/old-macbook/ibm-repos/ML4EO-workshop-2026/.venv/lib/python3.12/site-packages/terratorch/datasets/generic_multimodal_dataset.py", line 730, in __init__
    super().__init__(
  File "/Users/annejones/old-macbook/ibm-repos/ML4EO-workshop-2026/.venv/lib/python3.12/site-packages/terratorch/datasets/generic_multimodal_dataset.py", line 265, in __init__
    raise ValueError(f"No sample candidates (file prefixes) found for multimodal dataset. "
ValueError: No sample candidates (file prefixes) found for multimodal dataset. Please review files and parameters.
data_root: {'S2L2A': PosixPath('data/data_v3/train')}
image_grep: {'S2L2A': '*_img.tif'}
allow_missing_modalities: False
File examples in data_root: {'S2L2A': []}

[trial 0] terratorch failed (exit 1)
